2020-04-05 17:34:27 [main] DEBUG epamtraining.shapes.dao.impl.FileSphereDao - parameter: Sting fileName: resource/file.txt
2020-04-05 17:34:27 [main] INFO  epamtraining.shapes.dao.impl.FileSphereDao - file was founded
2020-04-05 17:34:27 [main] INFO  epamtraining.shapes.dao.impl.FileSphereDao - read all lines was successful
2020-04-05 17:34:27 [main] DEBUG by.epamtraining.shapes.parser.Parser - parameter: String for parsing: [5.0 5.0 5.0 1.0, 2.0 6.0 5.0 4.0, -3.0 -3.0 -3.0 3, 5 -4 -7.5 11, 5t 10.0 11.0 1.0 4.0, 4.0 0 7.2 2.5, 3.5 7.5 2.5 -4.2, 4.2 3.0 2.5, 0.0 0.0 0.0 5.0, 2.5 3.5 4.5 3.0]
2020-04-05 17:34:27 [main] INFO  by.epamtraining.shapes.parser.Parser - String was matched successful
2020-04-05 17:34:27 [main] DEBUG by.epamtraining.shapes.parser.Parser - parameter: String with values: 5.0 5.0 5.0 1.0
2020-04-05 17:34:27 [main] INFO  by.epamtraining.shapes.parser.Parser - result List of values: [5.0, 5.0, 5.0, 1.0]
2020-04-05 17:34:27 [main] INFO  by.epamtraining.shapes.parser.Parser - String was matched successful
2020-04-05 17:34:27 [main] DEBUG by.epamtraining.shapes.parser.Parser - parameter: String with values: 2.0 6.0 5.0 4.0
2020-04-05 17:34:27 [main] INFO  by.epamtraining.shapes.parser.Parser - result List of values: [2.0, 6.0, 5.0, 4.0]
2020-04-05 17:34:27 [main] INFO  by.epamtraining.shapes.parser.Parser - String was matched successful
2020-04-05 17:34:27 [main] DEBUG by.epamtraining.shapes.parser.Parser - parameter: String with values: 4.0 0 7.2 2.5
2020-04-05 17:34:27 [main] INFO  by.epamtraining.shapes.parser.Parser - result List of values: [4.0, 0.0, 7.2, 2.5]
2020-04-05 17:34:27 [main] INFO  by.epamtraining.shapes.parser.Parser - String was matched successful
2020-04-05 17:34:27 [main] DEBUG by.epamtraining.shapes.parser.Parser - parameter: String with values: 0.0 0.0 0.0 5.0
2020-04-05 17:34:27 [main] INFO  by.epamtraining.shapes.parser.Parser - result List of values: [0.0, 0.0, 0.0, 5.0]
2020-04-05 17:34:27 [main] INFO  by.epamtraining.shapes.parser.Parser - String was matched successful
2020-04-05 17:34:27 [main] DEBUG by.epamtraining.shapes.parser.Parser - parameter: String with values: 2.5 3.5 4.5 3.0
2020-04-05 17:34:27 [main] INFO  by.epamtraining.shapes.parser.Parser - result List of values: [2.5, 3.5, 4.5, 3.0]
2020-04-05 17:34:27 [main] INFO  by.epamtraining.shapes.parser.Parser - result List parameters for Sphere creation: [[5.0, 5.0, 5.0, 1.0], [2.0, 6.0, 5.0, 4.0], [4.0, 0.0, 7.2, 2.5], [0.0, 0.0, 0.0, 5.0], [2.5, 3.5, 4.5, 3.0]]
2020-04-05 17:34:27 [main] DEBUG epamtraining.shapes.factory.impl.SphereFactory - parameters: [5.0, 5.0, 5.0, 1.0]
2020-04-05 17:34:27 [main] DEBUG by.epamtraining.shapes.entity.Point - Point with define coordinates was created
