2020-04-14 18:43:02 [main] DEBUG by.epamtraining.shapes.entity.Point - parameters: 2.5, 5.0, 1.3
2020-04-14 18:43:02 [main] INFO  by.epamtraining.shapes.entity.Point - Point with define coordinates was created
2020-04-14 18:43:02 [main] DEBUG by.epamtraining.shapes.entity.Point - parameters: -5.4, 2.4, 5.3
2020-04-14 18:43:02 [main] INFO  by.epamtraining.shapes.entity.Point - Point with define coordinates was created
2020-04-14 18:43:02 [main] DEBUG by.epamtraining.shapes.entity.Point - parameters: -11.2, 0.4, 9.2
2020-04-14 18:43:02 [main] INFO  by.epamtraining.shapes.entity.Point - Point with define coordinates was created
2020-04-14 18:43:02 [main] DEBUG epamtraining.shapes.reader.impl.FileSphereReader - parameter: Sting fileName: test_resource/empty.txt
2020-04-14 18:43:02 [main] INFO  epamtraining.shapes.reader.impl.FileSphereReader - file was founded
2020-04-14 18:43:02 [main] DEBUG epamtraining.shapes.reader.impl.FileSphereReader - parameter: Sting fileName: null
2020-04-14 18:43:02 [main] FATAL epamtraining.shapes.reader.impl.FileSphereReader - String fileName is null
2020-04-14 18:43:02 [main] DEBUG epamtraining.shapes.reader.impl.FileSphereReader - parameter: Sting fileName: test_resource/testfile.txt
2020-04-14 18:43:02 [main] INFO  epamtraining.shapes.reader.impl.FileSphereReader - file was founded
2020-04-14 18:43:02 [main] INFO  epamtraining.shapes.reader.impl.FileSphereReader - read all lines was successful
2020-04-14 18:43:02 [main] DEBUG by.epamtraining.shapes.parser.Parser - parameter: String for parsing: [3.4 4 2.1 2.7, -2.1 7 5.1 3.1, 1 2 3, 1 2 3 -1.5]
2020-04-14 18:43:02 [main] INFO  by.epamtraining.shapes.parser.Parser - inside for, String: 3.4 4 2.1 2.7
2020-04-14 18:43:02 [main] INFO  by.epamtraining.shapes.parser.Parser - String was matched successful
2020-04-14 18:43:02 [main] DEBUG by.epamtraining.shapes.parser.Parser - parameter: String with values: 3.4 4 2.1 2.7
2020-04-14 18:43:02 [main] INFO  by.epamtraining.shapes.parser.Parser - result List of values for sphere: [3.4, 4.0, 2.1, 2.7]
2020-04-14 18:43:02 [main] INFO  by.epamtraining.shapes.parser.Parser - inside for, String: -2.1 7 5.1 3.1
2020-04-14 18:43:02 [main] INFO  by.epamtraining.shapes.parser.Parser - String was matched successful
2020-04-14 18:43:02 [main] DEBUG by.epamtraining.shapes.parser.Parser - parameter: String with values: -2.1 7 5.1 3.1
2020-04-14 18:43:02 [main] INFO  by.epamtraining.shapes.parser.Parser - result List of values for sphere: [-2.1, 7.0, 5.1, 3.1]
2020-04-14 18:43:02 [main] INFO  by.epamtraining.shapes.parser.Parser - inside for, String: 1 2 3
2020-04-14 18:43:02 [main] DEBUG by.epamtraining.shapes.parser.Parser - Matching failed
2020-04-14 18:43:02 [main] INFO  by.epamtraining.shapes.parser.Parser - inside for, String: 1 2 3 -1.5
2020-04-14 18:43:02 [main] DEBUG by.epamtraining.shapes.parser.Parser - Matching failed
2020-04-14 18:43:02 [main] INFO  by.epamtraining.shapes.parser.Parser - result List parameters for Sphere creation: [[3.4, 4.0, 2.1, 2.7], [-2.1, 7.0, 5.1, 3.1]]
2020-04-14 18:43:02 [main] DEBUG by.epamtraining.shapes.entity.Point - parameters: 5.0, 2.5, -3.7
2020-04-14 18:43:02 [main] INFO  by.epamtraining.shapes.entity.Point - Point with define coordinates was created
2020-04-14 18:43:02 [main] DEBUG by.epamtraining.shapes.entity.Sphere - parameters: center point = by.epamtraining.shapes.entity.Point: coordinateX=5.0, coordinateY=2.5, coordinateZ=-3.7, radius = 10.0
2020-04-14 18:43:02 [main] INFO  by.epamtraining.shapes.entity.Sphere - create new Point for Sphere.centerPoint
2020-04-14 18:43:02 [main] DEBUG by.epamtraining.shapes.entity.Point - parameters: 5.0, 2.5, -3.7
2020-04-14 18:43:02 [main] INFO  by.epamtraining.shapes.entity.Point - Point with define coordinates was created
2020-04-14 18:43:02 [main] DEBUG by.epamtraining.shapes.entity.Sphere - Sphere with define parameters was created, center point = by.epamtraining.shapes.entity.Point: coordinateX=5.0, coordinateY=2.5, coordinateZ=-3.7, radius = 10.0
2020-04-14 18:43:02 [main] DEBUG epamtraining.shapes.factory.impl.SphereFactory - parameters: [5.0, 2.5, -3.7, 10.0]
2020-04-14 18:43:02 [main] DEBUG by.epamtraining.shapes.entity.Point - parameters: 5.0, 2.5, -3.7
2020-04-14 18:43:02 [main] INFO  by.epamtraining.shapes.entity.Point - Point with define coordinates was created
2020-04-14 18:43:02 [main] DEBUG by.epamtraining.shapes.entity.Sphere - parameters: center point = by.epamtraining.shapes.entity.Point: coordinateX=5.0, coordinateY=2.5, coordinateZ=-3.7, radius = 10.0
2020-04-14 18:43:02 [main] INFO  by.epamtraining.shapes.entity.Sphere - create new Point for Sphere.centerPoint
2020-04-14 18:43:02 [main] DEBUG by.epamtraining.shapes.entity.Point - parameters: 5.0, 2.5, -3.7
2020-04-14 18:43:02 [main] INFO  by.epamtraining.shapes.entity.Point - Point with define coordinates was created
2020-04-14 18:43:02 [main] DEBUG by.epamtraining.shapes.entity.Sphere - Sphere with define parameters was created, center point = by.epamtraining.shapes.entity.Point: coordinateX=5.0, coordinateY=2.5, coordinateZ=-3.7, radius = 10.0
2020-04-14 18:43:02 [main] INFO  epamtraining.shapes.factory.impl.SphereFactory - Sphere was created, sphere.id=1
2020-04-14 18:43:02 [main] DEBUG epamtraining.shapes.factory.impl.SphereFactory - parameters: [5.0, 2.5, -3.7, -5.2]
2020-04-14 18:43:02 [main] DEBUG by.epamtraining.shapes.entity.Point - parameters: 5.0, 2.5, -3.7
2020-04-14 18:43:02 [main] INFO  by.epamtraining.shapes.entity.Point - Point with define coordinates was created
2020-04-14 18:43:02 [main] ERROR by.epamtraining.shapes.entity.Sphere - centerPoint is null reference or radius less or equal zero
2020-04-14 18:43:02 [main] ERROR epamtraining.shapes.factory.impl.SphereFactory - IncorrectDataException was thrown: invalid data for sphere creation
2020-04-14 18:43:02 [main] DEBUG by.epamtraining.shapes.entity.Sphere - parameters: center point = by.epamtraining.shapes.entity.Point: coordinateX=2.5, coordinateY=5.0, coordinateZ=1.3, radius = 5.0
2020-04-14 18:43:02 [main] INFO  by.epamtraining.shapes.entity.Sphere - create new Point for Sphere.centerPoint
2020-04-14 18:43:02 [main] DEBUG by.epamtraining.shapes.entity.Point - parameters: 2.5, 5.0, 1.3
2020-04-14 18:43:02 [main] INFO  by.epamtraining.shapes.entity.Point - Point with define coordinates was created
2020-04-14 18:43:02 [main] DEBUG by.epamtraining.shapes.entity.Sphere - Sphere with define parameters was created, center point = by.epamtraining.shapes.entity.Point: coordinateX=2.5, coordinateY=5.0, coordinateZ=1.3, radius = 5.0
2020-04-14 18:43:02 [main] DEBUG by.epamtraining.shapes.entity.Sphere - parameters: center point = by.epamtraining.shapes.entity.Point: coordinateX=-5.4, coordinateY=2.4, coordinateZ=5.3, radius = 3.0
2020-04-14 18:43:02 [main] INFO  by.epamtraining.shapes.entity.Sphere - create new Point for Sphere.centerPoint
2020-04-14 18:43:02 [main] DEBUG by.epamtraining.shapes.entity.Point - parameters: -5.4, 2.4, 5.3
2020-04-14 18:43:02 [main] INFO  by.epamtraining.shapes.entity.Point - Point with define coordinates was created
2020-04-14 18:43:02 [main] DEBUG by.epamtraining.shapes.entity.Sphere - Sphere with define parameters was created, center point = by.epamtraining.shapes.entity.Point: coordinateX=-5.4, coordinateY=2.4, coordinateZ=5.3, radius = 3.0
2020-04-14 18:43:02 [main] DEBUG by.epamtraining.shapes.entity.Sphere - parameters: center point = by.epamtraining.shapes.entity.Point: coordinateX=-11.2, coordinateY=0.4, coordinateZ=9.2, radius = 1.0
2020-04-14 18:43:02 [main] INFO  by.epamtraining.shapes.entity.Sphere - create new Point for Sphere.centerPoint
2020-04-14 18:43:02 [main] DEBUG by.epamtraining.shapes.entity.Point - parameters: -11.2, 0.4, 9.2
2020-04-14 18:43:02 [main] INFO  by.epamtraining.shapes.entity.Point - Point with define coordinates was created
2020-04-14 18:43:02 [main] DEBUG by.epamtraining.shapes.entity.Sphere - Sphere with define parameters was created, center point = by.epamtraining.shapes.entity.Point: coordinateX=-11.2, coordinateY=0.4, coordinateZ=9.2, radius = 1.0
2020-04-14 18:43:02 [main] DEBUG by.epamtraining.shapes.repository.SphereRepository - parameter: Sphere for adding: by.epamtraining.shapes.entity.SpherecenterPoint=by.epamtraining.shapes.entity.Point: coordinateX=-5.4, coordinateY=2.4, coordinateZ=5.3, radius=3.0
2020-04-14 18:43:02 [main] DEBUG by.epamtraining.shapes.repository.SphereRepository - parameter: Sphere for adding: by.epamtraining.shapes.entity.SpherecenterPoint=by.epamtraining.shapes.entity.Point: coordinateX=2.5, coordinateY=5.0, coordinateZ=1.3, radius=5.0
2020-04-14 18:43:02 [main] DEBUG by.epamtraining.shapes.repository.SphereRepository - parameter: Sphere for adding: by.epamtraining.shapes.entity.SpherecenterPoint=by.epamtraining.shapes.entity.Point: coordinateX=-11.2, coordinateY=0.4, coordinateZ=9.2, radius=1.0
2020-04-14 18:43:02 [main] DEBUG by.epamtraining.shapes.entity.Point - parameters: -10.0, -10.0, -10.0
2020-04-14 18:43:02 [main] INFO  by.epamtraining.shapes.entity.Point - Point with define coordinates was created
2020-04-14 18:43:02 [main] INFO  by.epamtraining.shapes.repository.SphereRepository - called method to change center point of sphere
2020-04-14 18:43:02 [main] DEBUG by.epamtraining.shapes.repository.SphereRepository - parameters: id = 6, center point = by.epamtraining.shapes.entity.Point: coordinateX=-10.0, coordinateY=-10.0, coordinateZ=-10.0
2020-04-14 18:43:02 [main] INFO  epamtraining.shapes.repository.specification_impl.IdSpecification - IdSpecification created, id = 6
2020-04-14 18:43:02 [main] DEBUG by.epamtraining.shapes.repository.SphereRepository - parameter: Specification: by.epamtraining.shapes.repository.specification_impl.IdSpecification
2020-04-14 18:43:02 [main] INFO  by.epamtraining.shapes.repository.SphereRepository - inside for: Sphere: by.epamtraining.shapes.entity.SpherecenterPoint=by.epamtraining.shapes.entity.Point: coordinateX=-5.4, coordinateY=2.4, coordinateZ=5.3, radius=3.0
2020-04-14 18:43:02 [main] DEBUG epamtraining.shapes.repository.specification_impl.IdSpecification - parameter: Sphereby.epamtraining.shapes.entity.SpherecenterPoint=by.epamtraining.shapes.entity.Point: coordinateX=-5.4, coordinateY=2.4, coordinateZ=5.3, radius=3.0
2020-04-14 18:43:02 [main] DEBUG epamtraining.shapes.repository.specification_impl.IdSpecification - id == sphere.getId() : false
2020-04-14 18:43:02 [main] INFO  by.epamtraining.shapes.repository.SphereRepository - inside for: Sphere: by.epamtraining.shapes.entity.SpherecenterPoint=by.epamtraining.shapes.entity.Point: coordinateX=2.5, coordinateY=5.0, coordinateZ=1.3, radius=5.0
2020-04-14 18:43:02 [main] DEBUG epamtraining.shapes.repository.specification_impl.IdSpecification - parameter: Sphereby.epamtraining.shapes.entity.SpherecenterPoint=by.epamtraining.shapes.entity.Point: coordinateX=2.5, coordinateY=5.0, coordinateZ=1.3, radius=5.0
2020-04-14 18:43:02 [main] DEBUG epamtraining.shapes.repository.specification_impl.IdSpecification - id == sphere.getId() : false
2020-04-14 18:43:02 [main] INFO  by.epamtraining.shapes.repository.SphereRepository - inside for: Sphere: by.epamtraining.shapes.entity.SpherecenterPoint=by.epamtraining.shapes.entity.Point: coordinateX=-11.2, coordinateY=0.4, coordinateZ=9.2, radius=1.0
2020-04-14 18:43:02 [main] DEBUG epamtraining.shapes.repository.specification_impl.IdSpecification - parameter: Sphereby.epamtraining.shapes.entity.SpherecenterPoint=by.epamtraining.shapes.entity.Point: coordinateX=-11.2, coordinateY=0.4, coordinateZ=9.2, radius=1.0
2020-04-14 18:43:02 [main] DEBUG epamtraining.shapes.repository.specification_impl.IdSpecification - id == sphere.getId() : false
2020-04-14 18:43:02 [main] DEBUG by.epamtraining.shapes.repository.SphereRepository - result List of query(): []
2020-04-14 18:43:02 [main] DEBUG by.epamtraining.shapes.repository.SphereRepository - No Sphere with specified Id
2020-04-14 18:43:02 [main] DEBUG by.epamtraining.shapes.entity.Point - parameters: 2.5, 5.0, 1.3
2020-04-14 18:43:02 [main] INFO  by.epamtraining.shapes.entity.Point - Point with define coordinates was created
2020-04-14 18:43:02 [main] INFO  by.epamtraining.shapes.entity.Sphere - center point was set, center point: by.epamtraining.shapes.entity.Point: coordinateX=2.5, coordinateY=5.0, coordinateZ=1.3
2020-04-14 18:43:02 [main] INFO  by.epamtraining.shapes.entity.Sphere - center point was set, center point: 5.0
2020-04-14 18:43:02 [main] DEBUG by.epamtraining.shapes.entity.Point - parameters: -5.4, 2.4, 5.3
2020-04-14 18:43:02 [main] INFO  by.epamtraining.shapes.entity.Point - Point with define coordinates was created
2020-04-14 18:43:02 [main] INFO  by.epamtraining.shapes.entity.Sphere - center point was set, center point: by.epamtraining.shapes.entity.Point: coordinateX=-5.4, coordinateY=2.4, coordinateZ=5.3
2020-04-14 18:43:02 [main] INFO  by.epamtraining.shapes.entity.Sphere - center point was set, center point: 3.0
2020-04-14 18:43:02 [main] DEBUG by.epamtraining.shapes.entity.Point - parameters: -11.2, 0.4, 9.2
2020-04-14 18:43:02 [main] INFO  by.epamtraining.shapes.entity.Point - Point with define coordinates was created
2020-04-14 18:43:02 [main] INFO  by.epamtraining.shapes.entity.Sphere - center point was set, center point: by.epamtraining.shapes.entity.Point: coordinateX=-11.2, coordinateY=0.4, coordinateZ=9.2
2020-04-14 18:43:02 [main] INFO  by.epamtraining.shapes.entity.Sphere - center point was set, center point: 1.0
2020-04-14 18:43:02 [main] INFO  by.epamtraining.shapes.repository.SphereRepository - called method to change center point of sphere
2020-04-14 18:43:02 [main] DEBUG by.epamtraining.shapes.repository.SphereRepository - parameters: id = 6, center point = null
2020-04-14 18:43:02 [main] INFO  epamtraining.shapes.repository.specification_impl.IdSpecification - IdSpecification created, id = 6
2020-04-14 18:43:02 [main] DEBUG by.epamtraining.shapes.repository.SphereRepository - parameter: Specification: by.epamtraining.shapes.repository.specification_impl.IdSpecification
2020-04-14 18:43:02 [main] INFO  by.epamtraining.shapes.repository.SphereRepository - inside for: Sphere: by.epamtraining.shapes.entity.SpherecenterPoint=by.epamtraining.shapes.entity.Point: coordinateX=-5.4, coordinateY=2.4, coordinateZ=5.3, radius=3.0
2020-04-14 18:43:02 [main] DEBUG epamtraining.shapes.repository.specification_impl.IdSpecification - parameter: Sphereby.epamtraining.shapes.entity.SpherecenterPoint=by.epamtraining.shapes.entity.Point: coordinateX=-5.4, coordinateY=2.4, coordinateZ=5.3, radius=3.0
2020-04-14 18:43:02 [main] DEBUG epamtraining.shapes.repository.specification_impl.IdSpecification - id == sphere.getId() : false
2020-04-14 18:43:02 [main] INFO  by.epamtraining.shapes.repository.SphereRepository - inside for: Sphere: by.epamtraining.shapes.entity.SpherecenterPoint=by.epamtraining.shapes.entity.Point: coordinateX=2.5, coordinateY=5.0, coordinateZ=1.3, radius=5.0
2020-04-14 18:43:02 [main] DEBUG epamtraining.shapes.repository.specification_impl.IdSpecification - parameter: Sphereby.epamtraining.shapes.entity.SpherecenterPoint=by.epamtraining.shapes.entity.Point: coordinateX=2.5, coordinateY=5.0, coordinateZ=1.3, radius=5.0
2020-04-14 18:43:02 [main] DEBUG epamtraining.shapes.repository.specification_impl.IdSpecification - id == sphere.getId() : false
2020-04-14 18:43:02 [main] INFO  by.epamtraining.shapes.repository.SphereRepository - inside for: Sphere: by.epamtraining.shapes.entity.SpherecenterPoint=by.epamtraining.shapes.entity.Point: coordinateX=-11.2, coordinateY=0.4, coordinateZ=9.2, radius=1.0
2020-04-14 18:43:02 [main] DEBUG epamtraining.shapes.repository.specification_impl.IdSpecification - parameter: Sphereby.epamtraining.shapes.entity.SpherecenterPoint=by.epamtraining.shapes.entity.Point: coordinateX=-11.2, coordinateY=0.4, coordinateZ=9.2, radius=1.0
2020-04-14 18:43:02 [main] DEBUG epamtraining.shapes.repository.specification_impl.IdSpecification - id == sphere.getId() : false
2020-04-14 18:43:02 [main] DEBUG by.epamtraining.shapes.repository.SphereRepository - result List of query(): []
2020-04-14 18:43:02 [main] DEBUG by.epamtraining.shapes.repository.SphereRepository - No Sphere with specified Id
2020-04-14 18:43:02 [main] DEBUG by.epamtraining.shapes.entity.Point - parameters: 2.5, 5.0, 1.3
2020-04-14 18:43:02 [main] INFO  by.epamtraining.shapes.entity.Point - Point with define coordinates was created
2020-04-14 18:43:02 [main] INFO  by.epamtraining.shapes.entity.Sphere - center point was set, center point: by.epamtraining.shapes.entity.Point: coordinateX=2.5, coordinateY=5.0, coordinateZ=1.3
2020-04-14 18:43:02 [main] INFO  by.epamtraining.shapes.entity.Sphere - center point was set, center point: 5.0
2020-04-14 18:43:02 [main] DEBUG by.epamtraining.shapes.entity.Point - parameters: -5.4, 2.4, 5.3
2020-04-14 18:43:02 [main] INFO  by.epamtraining.shapes.entity.Point - Point with define coordinates was created
2020-04-14 18:43:02 [main] INFO  by.epamtraining.shapes.entity.Sphere - center point was set, center point: by.epamtraining.shapes.entity.Point: coordinateX=-5.4, coordinateY=2.4, coordinateZ=5.3
2020-04-14 18:43:02 [main] INFO  by.epamtraining.shapes.entity.Sphere - center point was set, center point: 3.0
2020-04-14 18:43:02 [main] DEBUG by.epamtraining.shapes.entity.Point - parameters: -11.2, 0.4, 9.2
2020-04-14 18:43:02 [main] INFO  by.epamtraining.shapes.entity.Point - Point with define coordinates was created
2020-04-14 18:43:02 [main] INFO  by.epamtraining.shapes.entity.Sphere - center point was set, center point: by.epamtraining.shapes.entity.Point: coordinateX=-11.2, coordinateY=0.4, coordinateZ=9.2
2020-04-14 18:43:02 [main] INFO  by.epamtraining.shapes.entity.Sphere - center point was set, center point: 1.0
2020-04-14 18:43:02 [main] DEBUG by.epamtraining.shapes.entity.Point - parameters: -10.0, -10.0, -10.0
2020-04-14 18:43:02 [main] INFO  by.epamtraining.shapes.entity.Point - Point with define coordinates was created
2020-04-14 18:43:02 [main] INFO  by.epamtraining.shapes.repository.SphereRepository - called method to change center point of sphere
2020-04-14 18:43:02 [main] DEBUG by.epamtraining.shapes.repository.SphereRepository - parameters: id = 3, center point = by.epamtraining.shapes.entity.Point: coordinateX=-10.0, coordinateY=-10.0, coordinateZ=-10.0
2020-04-14 18:43:02 [main] INFO  epamtraining.shapes.repository.specification_impl.IdSpecification - IdSpecification created, id = 3
2020-04-14 18:43:02 [main] DEBUG by.epamtraining.shapes.repository.SphereRepository - parameter: Specification: by.epamtraining.shapes.repository.specification_impl.IdSpecification
2020-04-14 18:43:02 [main] INFO  by.epamtraining.shapes.repository.SphereRepository - inside for: Sphere: by.epamtraining.shapes.entity.SpherecenterPoint=by.epamtraining.shapes.entity.Point: coordinateX=-5.4, coordinateY=2.4, coordinateZ=5.3, radius=3.0
2020-04-14 18:43:02 [main] DEBUG epamtraining.shapes.repository.specification_impl.IdSpecification - parameter: Sphereby.epamtraining.shapes.entity.SpherecenterPoint=by.epamtraining.shapes.entity.Point: coordinateX=-5.4, coordinateY=2.4, coordinateZ=5.3, radius=3.0
2020-04-14 18:43:02 [main] DEBUG epamtraining.shapes.repository.specification_impl.IdSpecification - id == sphere.getId() : false
2020-04-14 18:43:02 [main] INFO  by.epamtraining.shapes.repository.SphereRepository - inside for: Sphere: by.epamtraining.shapes.entity.SpherecenterPoint=by.epamtraining.shapes.entity.Point: coordinateX=2.5, coordinateY=5.0, coordinateZ=1.3, radius=5.0
2020-04-14 18:43:02 [main] DEBUG epamtraining.shapes.repository.specification_impl.IdSpecification - parameter: Sphereby.epamtraining.shapes.entity.SpherecenterPoint=by.epamtraining.shapes.entity.Point: coordinateX=2.5, coordinateY=5.0, coordinateZ=1.3, radius=5.0
2020-04-14 18:43:02 [main] DEBUG epamtraining.shapes.repository.specification_impl.IdSpecification - id == sphere.getId() : false
2020-04-14 18:43:02 [main] INFO  by.epamtraining.shapes.repository.SphereRepository - inside for: Sphere: by.epamtraining.shapes.entity.SpherecenterPoint=by.epamtraining.shapes.entity.Point: coordinateX=-11.2, coordinateY=0.4, coordinateZ=9.2, radius=1.0
2020-04-14 18:43:02 [main] DEBUG epamtraining.shapes.repository.specification_impl.IdSpecification - parameter: Sphereby.epamtraining.shapes.entity.SpherecenterPoint=by.epamtraining.shapes.entity.Point: coordinateX=-11.2, coordinateY=0.4, coordinateZ=9.2, radius=1.0
2020-04-14 18:43:02 [main] DEBUG epamtraining.shapes.repository.specification_impl.IdSpecification - id == sphere.getId() : true
2020-04-14 18:43:02 [main] INFO  by.epamtraining.shapes.repository.SphereRepository - sphere added to result List
2020-04-14 18:43:02 [main] DEBUG by.epamtraining.shapes.repository.SphereRepository - result List of query(): [by.epamtraining.shapes.entity.SpherecenterPoint=by.epamtraining.shapes.entity.Point: coordinateX=-11.2, coordinateY=0.4, coordinateZ=9.2, radius=1.0]
2020-04-14 18:43:02 [main] DEBUG by.epamtraining.shapes.entity.Point - parameters: -10.0, -10.0, -10.0
2020-04-14 18:43:02 [main] INFO  by.epamtraining.shapes.entity.Point - Point with define coordinates was created
2020-04-14 18:43:02 [main] INFO  by.epamtraining.shapes.entity.Sphere - center point was set, center point: by.epamtraining.shapes.entity.Point: coordinateX=-10.0, coordinateY=-10.0, coordinateZ=-10.0
2020-04-14 18:43:02 [main] INFO  by.epamtraining.shapes.repository.SphereRepository - Center point was changed successfully, new center point = by.epamtraining.shapes.entity.Point: coordinateX=-10.0, coordinateY=-10.0, coordinateZ=-10.0
2020-04-14 18:43:02 [main] DEBUG by.epamtraining.shapes.entity.Point - parameters: 2.5, 5.0, 1.3
2020-04-14 18:43:02 [main] INFO  by.epamtraining.shapes.entity.Point - Point with define coordinates was created
2020-04-14 18:43:02 [main] INFO  by.epamtraining.shapes.entity.Sphere - center point was set, center point: by.epamtraining.shapes.entity.Point: coordinateX=2.5, coordinateY=5.0, coordinateZ=1.3
2020-04-14 18:43:02 [main] INFO  by.epamtraining.shapes.entity.Sphere - center point was set, center point: 5.0
2020-04-14 18:43:02 [main] DEBUG by.epamtraining.shapes.entity.Point - parameters: -5.4, 2.4, 5.3
2020-04-14 18:43:02 [main] INFO  by.epamtraining.shapes.entity.Point - Point with define coordinates was created
2020-04-14 18:43:02 [main] INFO  by.epamtraining.shapes.entity.Sphere - center point was set, center point: by.epamtraining.shapes.entity.Point: coordinateX=-5.4, coordinateY=2.4, coordinateZ=5.3
2020-04-14 18:43:02 [main] INFO  by.epamtraining.shapes.entity.Sphere - center point was set, center point: 3.0
2020-04-14 18:43:02 [main] DEBUG by.epamtraining.shapes.entity.Point - parameters: -11.2, 0.4, 9.2
2020-04-14 18:43:02 [main] INFO  by.epamtraining.shapes.entity.Point - Point with define coordinates was created
2020-04-14 18:43:02 [main] INFO  by.epamtraining.shapes.entity.Sphere - center point was set, center point: by.epamtraining.shapes.entity.Point: coordinateX=-11.2, coordinateY=0.4, coordinateZ=9.2
2020-04-14 18:43:02 [main] INFO  by.epamtraining.shapes.entity.Sphere - center point was set, center point: 1.0
2020-04-14 18:43:02 [main] INFO  by.epamtraining.shapes.repository.SphereRepository - called method to change radius of sphere
2020-04-14 18:43:02 [main] DEBUG by.epamtraining.shapes.repository.SphereRepository - parameters: id = 5, radius = 10.0
2020-04-14 18:43:02 [main] INFO  epamtraining.shapes.repository.specification_impl.IdSpecification - IdSpecification created, id = 5
2020-04-14 18:43:02 [main] DEBUG by.epamtraining.shapes.repository.SphereRepository - parameter: Specification: by.epamtraining.shapes.repository.specification_impl.IdSpecification
2020-04-14 18:43:02 [main] INFO  by.epamtraining.shapes.repository.SphereRepository - inside for: Sphere: by.epamtraining.shapes.entity.SpherecenterPoint=by.epamtraining.shapes.entity.Point: coordinateX=-5.4, coordinateY=2.4, coordinateZ=5.3, radius=3.0
2020-04-14 18:43:02 [main] DEBUG epamtraining.shapes.repository.specification_impl.IdSpecification - parameter: Sphereby.epamtraining.shapes.entity.SpherecenterPoint=by.epamtraining.shapes.entity.Point: coordinateX=-5.4, coordinateY=2.4, coordinateZ=5.3, radius=3.0
2020-04-14 18:43:02 [main] DEBUG epamtraining.shapes.repository.specification_impl.IdSpecification - id == sphere.getId() : false
2020-04-14 18:43:02 [main] INFO  by.epamtraining.shapes.repository.SphereRepository - inside for: Sphere: by.epamtraining.shapes.entity.SpherecenterPoint=by.epamtraining.shapes.entity.Point: coordinateX=2.5, coordinateY=5.0, coordinateZ=1.3, radius=5.0
2020-04-14 18:43:02 [main] DEBUG epamtraining.shapes.repository.specification_impl.IdSpecification - parameter: Sphereby.epamtraining.shapes.entity.SpherecenterPoint=by.epamtraining.shapes.entity.Point: coordinateX=2.5, coordinateY=5.0, coordinateZ=1.3, radius=5.0
2020-04-14 18:43:02 [main] DEBUG epamtraining.shapes.repository.specification_impl.IdSpecification - id == sphere.getId() : false
2020-04-14 18:43:02 [main] INFO  by.epamtraining.shapes.repository.SphereRepository - inside for: Sphere: by.epamtraining.shapes.entity.SpherecenterPoint=by.epamtraining.shapes.entity.Point: coordinateX=-11.2, coordinateY=0.4, coordinateZ=9.2, radius=1.0
2020-04-14 18:43:02 [main] DEBUG epamtraining.shapes.repository.specification_impl.IdSpecification - parameter: Sphereby.epamtraining.shapes.entity.SpherecenterPoint=by.epamtraining.shapes.entity.Point: coordinateX=-11.2, coordinateY=0.4, coordinateZ=9.2, radius=1.0
2020-04-14 18:43:02 [main] DEBUG epamtraining.shapes.repository.specification_impl.IdSpecification - id == sphere.getId() : false
2020-04-14 18:43:02 [main] DEBUG by.epamtraining.shapes.repository.SphereRepository - result List of query(): []
2020-04-14 18:43:02 [main] DEBUG by.epamtraining.shapes.repository.SphereRepository - No Sphere with specified Id
2020-04-14 18:43:02 [main] DEBUG by.epamtraining.shapes.entity.Point - parameters: 2.5, 5.0, 1.3
2020-04-14 18:43:02 [main] INFO  by.epamtraining.shapes.entity.Point - Point with define coordinates was created
2020-04-14 18:43:02 [main] INFO  by.epamtraining.shapes.entity.Sphere - center point was set, center point: by.epamtraining.shapes.entity.Point: coordinateX=2.5, coordinateY=5.0, coordinateZ=1.3
2020-04-14 18:43:02 [main] INFO  by.epamtraining.shapes.entity.Sphere - center point was set, center point: 5.0
2020-04-14 18:43:02 [main] DEBUG by.epamtraining.shapes.entity.Point - parameters: -5.4, 2.4, 5.3
2020-04-14 18:43:02 [main] INFO  by.epamtraining.shapes.entity.Point - Point with define coordinates was created
2020-04-14 18:43:02 [main] INFO  by.epamtraining.shapes.entity.Sphere - center point was set, center point: by.epamtraining.shapes.entity.Point: coordinateX=-5.4, coordinateY=2.4, coordinateZ=5.3
2020-04-14 18:43:02 [main] INFO  by.epamtraining.shapes.entity.Sphere - center point was set, center point: 3.0
2020-04-14 18:43:02 [main] DEBUG by.epamtraining.shapes.entity.Point - parameters: -11.2, 0.4, 9.2
2020-04-14 18:43:02 [main] INFO  by.epamtraining.shapes.entity.Point - Point with define coordinates was created
2020-04-14 18:43:02 [main] INFO  by.epamtraining.shapes.entity.Sphere - center point was set, center point: by.epamtraining.shapes.entity.Point: coordinateX=-11.2, coordinateY=0.4, coordinateZ=9.2
2020-04-14 18:43:02 [main] INFO  by.epamtraining.shapes.entity.Sphere - center point was set, center point: 1.0
2020-04-14 18:43:02 [main] INFO  by.epamtraining.shapes.repository.SphereRepository - called method to change radius of sphere
2020-04-14 18:43:02 [main] DEBUG by.epamtraining.shapes.repository.SphereRepository - parameters: id = 2, radius = -10.0
2020-04-14 18:43:02 [main] INFO  epamtraining.shapes.repository.specification_impl.IdSpecification - IdSpecification created, id = 2
2020-04-14 18:43:02 [main] DEBUG by.epamtraining.shapes.repository.SphereRepository - parameter: Specification: by.epamtraining.shapes.repository.specification_impl.IdSpecification
2020-04-14 18:43:02 [main] INFO  by.epamtraining.shapes.repository.SphereRepository - inside for: Sphere: by.epamtraining.shapes.entity.SpherecenterPoint=by.epamtraining.shapes.entity.Point: coordinateX=-5.4, coordinateY=2.4, coordinateZ=5.3, radius=3.0
2020-04-14 18:43:02 [main] DEBUG epamtraining.shapes.repository.specification_impl.IdSpecification - parameter: Sphereby.epamtraining.shapes.entity.SpherecenterPoint=by.epamtraining.shapes.entity.Point: coordinateX=-5.4, coordinateY=2.4, coordinateZ=5.3, radius=3.0
2020-04-14 18:43:02 [main] DEBUG epamtraining.shapes.repository.specification_impl.IdSpecification - id == sphere.getId() : true
2020-04-14 18:43:02 [main] INFO  by.epamtraining.shapes.repository.SphereRepository - sphere added to result List
2020-04-14 18:43:02 [main] INFO  by.epamtraining.shapes.repository.SphereRepository - inside for: Sphere: by.epamtraining.shapes.entity.SpherecenterPoint=by.epamtraining.shapes.entity.Point: coordinateX=2.5, coordinateY=5.0, coordinateZ=1.3, radius=5.0
2020-04-14 18:43:02 [main] DEBUG epamtraining.shapes.repository.specification_impl.IdSpecification - parameter: Sphereby.epamtraining.shapes.entity.SpherecenterPoint=by.epamtraining.shapes.entity.Point: coordinateX=2.5, coordinateY=5.0, coordinateZ=1.3, radius=5.0
2020-04-14 18:43:02 [main] DEBUG epamtraining.shapes.repository.specification_impl.IdSpecification - id == sphere.getId() : false
2020-04-14 18:43:02 [main] INFO  by.epamtraining.shapes.repository.SphereRepository - inside for: Sphere: by.epamtraining.shapes.entity.SpherecenterPoint=by.epamtraining.shapes.entity.Point: coordinateX=-11.2, coordinateY=0.4, coordinateZ=9.2, radius=1.0
2020-04-14 18:43:02 [main] DEBUG epamtraining.shapes.repository.specification_impl.IdSpecification - parameter: Sphereby.epamtraining.shapes.entity.SpherecenterPoint=by.epamtraining.shapes.entity.Point: coordinateX=-11.2, coordinateY=0.4, coordinateZ=9.2, radius=1.0
2020-04-14 18:43:02 [main] DEBUG epamtraining.shapes.repository.specification_impl.IdSpecification - id == sphere.getId() : false
2020-04-14 18:43:02 [main] DEBUG by.epamtraining.shapes.repository.SphereRepository - result List of query(): [by.epamtraining.shapes.entity.SpherecenterPoint=by.epamtraining.shapes.entity.Point: coordinateX=-5.4, coordinateY=2.4, coordinateZ=5.3, radius=3.0]
2020-04-14 18:43:02 [main] FATAL by.epamtraining.shapes.entity.Sphere - radius less or equal zero
2020-04-14 18:43:02 [main] ERROR by.epamtraining.shapes.repository.SphereRepository - IncorrectDataException was thrown: radius less or equal zero
2020-04-14 18:43:02 [main] DEBUG by.epamtraining.shapes.entity.Point - parameters: 2.5, 5.0, 1.3
2020-04-14 18:43:02 [main] INFO  by.epamtraining.shapes.entity.Point - Point with define coordinates was created
2020-04-14 18:43:02 [main] INFO  by.epamtraining.shapes.entity.Sphere - center point was set, center point: by.epamtraining.shapes.entity.Point: coordinateX=2.5, coordinateY=5.0, coordinateZ=1.3
2020-04-14 18:43:02 [main] INFO  by.epamtraining.shapes.entity.Sphere - center point was set, center point: 5.0
2020-04-14 18:43:02 [main] DEBUG by.epamtraining.shapes.entity.Point - parameters: -5.4, 2.4, 5.3
2020-04-14 18:43:02 [main] INFO  by.epamtraining.shapes.entity.Point - Point with define coordinates was created
2020-04-14 18:43:02 [main] INFO  by.epamtraining.shapes.entity.Sphere - center point was set, center point: by.epamtraining.shapes.entity.Point: coordinateX=-5.4, coordinateY=2.4, coordinateZ=5.3
2020-04-14 18:43:02 [main] INFO  by.epamtraining.shapes.entity.Sphere - center point was set, center point: 3.0
2020-04-14 18:43:02 [main] DEBUG by.epamtraining.shapes.entity.Point - parameters: -11.2, 0.4, 9.2
2020-04-14 18:43:02 [main] INFO  by.epamtraining.shapes.entity.Point - Point with define coordinates was created
2020-04-14 18:43:02 [main] INFO  by.epamtraining.shapes.entity.Sphere - center point was set, center point: by.epamtraining.shapes.entity.Point: coordinateX=-11.2, coordinateY=0.4, coordinateZ=9.2
2020-04-14 18:43:02 [main] INFO  by.epamtraining.shapes.entity.Sphere - center point was set, center point: 1.0
2020-04-14 18:43:02 [main] INFO  by.epamtraining.shapes.repository.SphereRepository - called method to change radius of sphere
2020-04-14 18:43:02 [main] DEBUG by.epamtraining.shapes.repository.SphereRepository - parameters: id = 2, radius = 10.0
2020-04-14 18:43:02 [main] INFO  epamtraining.shapes.repository.specification_impl.IdSpecification - IdSpecification created, id = 2
2020-04-14 18:43:02 [main] DEBUG by.epamtraining.shapes.repository.SphereRepository - parameter: Specification: by.epamtraining.shapes.repository.specification_impl.IdSpecification
2020-04-14 18:43:02 [main] INFO  by.epamtraining.shapes.repository.SphereRepository - inside for: Sphere: by.epamtraining.shapes.entity.SpherecenterPoint=by.epamtraining.shapes.entity.Point: coordinateX=-5.4, coordinateY=2.4, coordinateZ=5.3, radius=3.0
2020-04-14 18:43:02 [main] DEBUG epamtraining.shapes.repository.specification_impl.IdSpecification - parameter: Sphereby.epamtraining.shapes.entity.SpherecenterPoint=by.epamtraining.shapes.entity.Point: coordinateX=-5.4, coordinateY=2.4, coordinateZ=5.3, radius=3.0
2020-04-14 18:43:02 [main] DEBUG epamtraining.shapes.repository.specification_impl.IdSpecification - id == sphere.getId() : true
2020-04-14 18:43:02 [main] INFO  by.epamtraining.shapes.repository.SphereRepository - sphere added to result List
2020-04-14 18:43:02 [main] INFO  by.epamtraining.shapes.repository.SphereRepository - inside for: Sphere: by.epamtraining.shapes.entity.SpherecenterPoint=by.epamtraining.shapes.entity.Point: coordinateX=2.5, coordinateY=5.0, coordinateZ=1.3, radius=5.0
2020-04-14 18:43:02 [main] DEBUG epamtraining.shapes.repository.specification_impl.IdSpecification - parameter: Sphereby.epamtraining.shapes.entity.SpherecenterPoint=by.epamtraining.shapes.entity.Point: coordinateX=2.5, coordinateY=5.0, coordinateZ=1.3, radius=5.0
2020-04-14 18:43:02 [main] DEBUG epamtraining.shapes.repository.specification_impl.IdSpecification - id == sphere.getId() : false
2020-04-14 18:43:02 [main] INFO  by.epamtraining.shapes.repository.SphereRepository - inside for: Sphere: by.epamtraining.shapes.entity.SpherecenterPoint=by.epamtraining.shapes.entity.Point: coordinateX=-11.2, coordinateY=0.4, coordinateZ=9.2, radius=1.0
2020-04-14 18:43:02 [main] DEBUG epamtraining.shapes.repository.specification_impl.IdSpecification - parameter: Sphereby.epamtraining.shapes.entity.SpherecenterPoint=by.epamtraining.shapes.entity.Point: coordinateX=-11.2, coordinateY=0.4, coordinateZ=9.2, radius=1.0
2020-04-14 18:43:02 [main] DEBUG epamtraining.shapes.repository.specification_impl.IdSpecification - id == sphere.getId() : false
2020-04-14 18:43:02 [main] DEBUG by.epamtraining.shapes.repository.SphereRepository - result List of query(): [by.epamtraining.shapes.entity.SpherecenterPoint=by.epamtraining.shapes.entity.Point: coordinateX=-5.4, coordinateY=2.4, coordinateZ=5.3, radius=3.0]
2020-04-14 18:43:02 [main] INFO  by.epamtraining.shapes.entity.Sphere - center point was set, center point: 10.0
2020-04-14 18:43:02 [main] INFO  by.epamtraining.shapes.repository.SphereRepository - Radius was changed successfully, new radius = 10.0
2020-04-14 18:43:02 [main] DEBUG by.epamtraining.shapes.entity.Point - parameters: 2.5, 5.0, 1.3
2020-04-14 18:43:02 [main] INFO  by.epamtraining.shapes.entity.Point - Point with define coordinates was created
2020-04-14 18:43:02 [main] INFO  by.epamtraining.shapes.entity.Sphere - center point was set, center point: by.epamtraining.shapes.entity.Point: coordinateX=2.5, coordinateY=5.0, coordinateZ=1.3
2020-04-14 18:43:02 [main] INFO  by.epamtraining.shapes.entity.Sphere - center point was set, center point: 5.0
2020-04-14 18:43:02 [main] DEBUG by.epamtraining.shapes.entity.Point - parameters: -5.4, 2.4, 5.3
2020-04-14 18:43:02 [main] INFO  by.epamtraining.shapes.entity.Point - Point with define coordinates was created
2020-04-14 18:43:02 [main] INFO  by.epamtraining.shapes.entity.Sphere - center point was set, center point: by.epamtraining.shapes.entity.Point: coordinateX=-5.4, coordinateY=2.4, coordinateZ=5.3
2020-04-14 18:43:02 [main] INFO  by.epamtraining.shapes.entity.Sphere - center point was set, center point: 3.0
2020-04-14 18:43:02 [main] DEBUG by.epamtraining.shapes.entity.Point - parameters: -11.2, 0.4, 9.2
2020-04-14 18:43:02 [main] INFO  by.epamtraining.shapes.entity.Point - Point with define coordinates was created
2020-04-14 18:43:02 [main] INFO  by.epamtraining.shapes.entity.Sphere - center point was set, center point: by.epamtraining.shapes.entity.Point: coordinateX=-11.2, coordinateY=0.4, coordinateZ=9.2
2020-04-14 18:43:02 [main] INFO  by.epamtraining.shapes.entity.Sphere - center point was set, center point: 1.0
2020-04-14 18:43:02 [main] DEBUG by.epamtraining.shapes.entity.Sphere - parameters: center point = by.epamtraining.shapes.entity.Point: coordinateX=2.5, coordinateY=5.0, coordinateZ=1.3, radius = 5.0
2020-04-14 18:43:02 [main] INFO  by.epamtraining.shapes.entity.Sphere - create new Point for Sphere.centerPoint
2020-04-14 18:43:02 [main] DEBUG by.epamtraining.shapes.entity.Point - parameters: 2.5, 5.0, 1.3
2020-04-14 18:43:02 [main] INFO  by.epamtraining.shapes.entity.Point - Point with define coordinates was created
2020-04-14 18:43:02 [main] DEBUG by.epamtraining.shapes.entity.Sphere - Sphere with define parameters was created, center point = by.epamtraining.shapes.entity.Point: coordinateX=2.5, coordinateY=5.0, coordinateZ=1.3, radius = 5.0
2020-04-14 18:43:02 [main] DEBUG by.epamtraining.shapes.entity.Sphere - parameters: center point = by.epamtraining.shapes.entity.Point: coordinateX=-5.4, coordinateY=2.4, coordinateZ=5.3, radius = 3.0
2020-04-14 18:43:02 [main] INFO  by.epamtraining.shapes.entity.Sphere - create new Point for Sphere.centerPoint
2020-04-14 18:43:02 [main] DEBUG by.epamtraining.shapes.entity.Point - parameters: -5.4, 2.4, 5.3
2020-04-14 18:43:02 [main] INFO  by.epamtraining.shapes.entity.Point - Point with define coordinates was created
2020-04-14 18:43:02 [main] DEBUG by.epamtraining.shapes.entity.Sphere - Sphere with define parameters was created, center point = by.epamtraining.shapes.entity.Point: coordinateX=-5.4, coordinateY=2.4, coordinateZ=5.3, radius = 3.0
2020-04-14 18:43:02 [main] DEBUG by.epamtraining.shapes.entity.Sphere - parameters: center point = by.epamtraining.shapes.entity.Point: coordinateX=-11.2, coordinateY=0.4, coordinateZ=9.2, radius = 1.0
2020-04-14 18:43:02 [main] INFO  by.epamtraining.shapes.entity.Sphere - create new Point for Sphere.centerPoint
2020-04-14 18:43:02 [main] DEBUG by.epamtraining.shapes.entity.Point - parameters: -11.2, 0.4, 9.2
2020-04-14 18:43:02 [main] INFO  by.epamtraining.shapes.entity.Point - Point with define coordinates was created
2020-04-14 18:43:02 [main] DEBUG by.epamtraining.shapes.entity.Sphere - Sphere with define parameters was created, center point = by.epamtraining.shapes.entity.Point: coordinateX=-11.2, coordinateY=0.4, coordinateZ=9.2, radius = 1.0
2020-04-14 18:43:02 [main] DEBUG by.epamtraining.shapes.repository.SphereRepository - parameter: Comparator: by.epamtraining.shapes.repository.comparator.IdComparator@63611043
2020-04-14 18:43:02 [main] DEBUG by.epamtraining.shapes.repository.SphereRepository - sorted List: [by.epamtraining.shapes.entity.SpherecenterPoint=by.epamtraining.shapes.entity.Point: coordinateX=2.5, coordinateY=5.0, coordinateZ=1.3, radius=5.0, by.epamtraining.shapes.entity.SpherecenterPoint=by.epamtraining.shapes.entity.Point: coordinateX=-5.4, coordinateY=2.4, coordinateZ=5.3, radius=3.0, by.epamtraining.shapes.entity.SpherecenterPoint=by.epamtraining.shapes.entity.Point: coordinateX=-11.2, coordinateY=0.4, coordinateZ=9.2, radius=1.0]
2020-04-14 18:43:02 [main] DEBUG by.epamtraining.shapes.entity.Point - parameters: 2.5, 5.0, 1.3
2020-04-14 18:43:02 [main] INFO  by.epamtraining.shapes.entity.Point - Point with define coordinates was created
2020-04-14 18:43:02 [main] INFO  by.epamtraining.shapes.entity.Sphere - center point was set, center point: by.epamtraining.shapes.entity.Point: coordinateX=2.5, coordinateY=5.0, coordinateZ=1.3
2020-04-14 18:43:02 [main] INFO  by.epamtraining.shapes.entity.Sphere - center point was set, center point: 5.0
2020-04-14 18:43:02 [main] DEBUG by.epamtraining.shapes.entity.Point - parameters: -5.4, 2.4, 5.3
2020-04-14 18:43:02 [main] INFO  by.epamtraining.shapes.entity.Point - Point with define coordinates was created
2020-04-14 18:43:02 [main] INFO  by.epamtraining.shapes.entity.Sphere - center point was set, center point: by.epamtraining.shapes.entity.Point: coordinateX=-5.4, coordinateY=2.4, coordinateZ=5.3
2020-04-14 18:43:02 [main] INFO  by.epamtraining.shapes.entity.Sphere - center point was set, center point: 3.0
2020-04-14 18:43:02 [main] DEBUG by.epamtraining.shapes.entity.Point - parameters: -11.2, 0.4, 9.2
2020-04-14 18:43:02 [main] INFO  by.epamtraining.shapes.entity.Point - Point with define coordinates was created
2020-04-14 18:43:02 [main] INFO  by.epamtraining.shapes.entity.Sphere - center point was set, center point: by.epamtraining.shapes.entity.Point: coordinateX=-11.2, coordinateY=0.4, coordinateZ=9.2
2020-04-14 18:43:02 [main] INFO  by.epamtraining.shapes.entity.Sphere - center point was set, center point: 1.0
2020-04-14 18:43:02 [main] DEBUG by.epamtraining.shapes.entity.Sphere - parameters: center point = by.epamtraining.shapes.entity.Point: coordinateX=2.5, coordinateY=5.0, coordinateZ=1.3, radius = 5.0
2020-04-14 18:43:02 [main] INFO  by.epamtraining.shapes.entity.Sphere - create new Point for Sphere.centerPoint
2020-04-14 18:43:02 [main] DEBUG by.epamtraining.shapes.entity.Point - parameters: 2.5, 5.0, 1.3
2020-04-14 18:43:02 [main] INFO  by.epamtraining.shapes.entity.Point - Point with define coordinates was created
2020-04-14 18:43:02 [main] DEBUG by.epamtraining.shapes.entity.Sphere - Sphere with define parameters was created, center point = by.epamtraining.shapes.entity.Point: coordinateX=2.5, coordinateY=5.0, coordinateZ=1.3, radius = 5.0
2020-04-14 18:43:02 [main] DEBUG by.epamtraining.shapes.entity.Sphere - parameters: center point = by.epamtraining.shapes.entity.Point: coordinateX=-5.4, coordinateY=2.4, coordinateZ=5.3, radius = 3.0
2020-04-14 18:43:02 [main] INFO  by.epamtraining.shapes.entity.Sphere - create new Point for Sphere.centerPoint
2020-04-14 18:43:02 [main] DEBUG by.epamtraining.shapes.entity.Point - parameters: -5.4, 2.4, 5.3
2020-04-14 18:43:02 [main] INFO  by.epamtraining.shapes.entity.Point - Point with define coordinates was created
2020-04-14 18:43:02 [main] DEBUG by.epamtraining.shapes.entity.Sphere - Sphere with define parameters was created, center point = by.epamtraining.shapes.entity.Point: coordinateX=-5.4, coordinateY=2.4, coordinateZ=5.3, radius = 3.0
2020-04-14 18:43:02 [main] DEBUG by.epamtraining.shapes.entity.Sphere - parameters: center point = by.epamtraining.shapes.entity.Point: coordinateX=-11.2, coordinateY=0.4, coordinateZ=9.2, radius = 1.0
2020-04-14 18:43:02 [main] INFO  by.epamtraining.shapes.entity.Sphere - create new Point for Sphere.centerPoint
2020-04-14 18:43:02 [main] DEBUG by.epamtraining.shapes.entity.Point - parameters: -11.2, 0.4, 9.2
2020-04-14 18:43:02 [main] INFO  by.epamtraining.shapes.entity.Point - Point with define coordinates was created
2020-04-14 18:43:02 [main] DEBUG by.epamtraining.shapes.entity.Sphere - Sphere with define parameters was created, center point = by.epamtraining.shapes.entity.Point: coordinateX=-11.2, coordinateY=0.4, coordinateZ=9.2, radius = 1.0
2020-04-14 18:43:02 [main] DEBUG by.epamtraining.shapes.repository.SphereRepository - parameter: Comparator: by.epamtraining.shapes.repository.comparator.RadiusComparator@1838ccb8
2020-04-14 18:43:02 [main] DEBUG by.epamtraining.shapes.repository.SphereRepository - sorted List: [by.epamtraining.shapes.entity.SpherecenterPoint=by.epamtraining.shapes.entity.Point: coordinateX=-11.2, coordinateY=0.4, coordinateZ=9.2, radius=1.0, by.epamtraining.shapes.entity.SpherecenterPoint=by.epamtraining.shapes.entity.Point: coordinateX=-5.4, coordinateY=2.4, coordinateZ=5.3, radius=3.0, by.epamtraining.shapes.entity.SpherecenterPoint=by.epamtraining.shapes.entity.Point: coordinateX=2.5, coordinateY=5.0, coordinateZ=1.3, radius=5.0]
2020-04-14 18:43:02 [main] DEBUG by.epamtraining.shapes.entity.Point - parameters: 2.5, 5.0, 1.3
2020-04-14 18:43:02 [main] INFO  by.epamtraining.shapes.entity.Point - Point with define coordinates was created
2020-04-14 18:43:02 [main] INFO  by.epamtraining.shapes.entity.Sphere - center point was set, center point: by.epamtraining.shapes.entity.Point: coordinateX=2.5, coordinateY=5.0, coordinateZ=1.3
2020-04-14 18:43:02 [main] INFO  by.epamtraining.shapes.entity.Sphere - center point was set, center point: 5.0
2020-04-14 18:43:02 [main] DEBUG by.epamtraining.shapes.entity.Point - parameters: -5.4, 2.4, 5.3
2020-04-14 18:43:02 [main] INFO  by.epamtraining.shapes.entity.Point - Point with define coordinates was created
2020-04-14 18:43:02 [main] INFO  by.epamtraining.shapes.entity.Sphere - center point was set, center point: by.epamtraining.shapes.entity.Point: coordinateX=-5.4, coordinateY=2.4, coordinateZ=5.3
2020-04-14 18:43:02 [main] INFO  by.epamtraining.shapes.entity.Sphere - center point was set, center point: 3.0
2020-04-14 18:43:02 [main] DEBUG by.epamtraining.shapes.entity.Point - parameters: -11.2, 0.4, 9.2
2020-04-14 18:43:02 [main] INFO  by.epamtraining.shapes.entity.Point - Point with define coordinates was created
2020-04-14 18:43:02 [main] INFO  by.epamtraining.shapes.entity.Sphere - center point was set, center point: by.epamtraining.shapes.entity.Point: coordinateX=-11.2, coordinateY=0.4, coordinateZ=9.2
2020-04-14 18:43:02 [main] INFO  by.epamtraining.shapes.entity.Sphere - center point was set, center point: 1.0
2020-04-14 18:43:02 [main] DEBUG by.epamtraining.shapes.entity.Point - default Point was created
2020-04-14 18:43:02 [main] DEBUG by.epamtraining.shapes.entity.Sphere - default Sphere was created, center point = by.epamtraining.shapes.entity.Point: coordinateX=0.0, coordinateY=0.0, coordinateZ=0.0, radius = 1.0
2020-04-14 18:43:02 [main] DEBUG by.epamtraining.shapes.action.SphereAction - parameter: Sphere: by.epamtraining.shapes.entity.SpherecenterPoint=by.epamtraining.shapes.entity.Point: coordinateX=0.0, coordinateY=0.0, coordinateZ=0.0, radius=1.0
2020-04-14 18:43:02 [main] DEBUG by.epamtraining.shapes.action.SphereAction - square = 12.566370614359172
2020-04-14 18:43:02 [main] DEBUG by.epamtraining.shapes.action.SphereAction - parameter: Sphere: by.epamtraining.shapes.entity.SpherecenterPoint=by.epamtraining.shapes.entity.Point: coordinateX=0.0, coordinateY=0.0, coordinateZ=0.0, radius=1.0
2020-04-14 18:43:02 [main] DEBUG by.epamtraining.shapes.action.SphereAction - volume = 4.1887902047863905
2020-04-14 18:43:02 [main] DEBUG by.epamtraining.shapes.action.SphereAction - parameter: Sphere: by.epamtraining.shapes.entity.SpherecenterPoint=by.epamtraining.shapes.entity.Point: coordinateX=0.0, coordinateY=0.0, coordinateZ=0.0, radius=1.0
2020-04-14 18:43:02 [main] DEBUG by.epamtraining.shapes.action.SphereAction - point: by.epamtraining.shapes.entity.Point: coordinateX=0.0, coordinateY=0.0, coordinateZ=0.0
2020-04-14 18:43:02 [main] INFO  by.epamtraining.shapes.action.SphereAction - minDistance == xCoordinate : 0.0
2020-04-14 18:43:02 [main] DEBUG by.epamtraining.shapes.action.SphereAction - result: minDistance = 0.0
2020-04-14 18:43:02 [main] INFO  by.epamtraining.shapes.action.SphereAction - distance to plane less radius of Sphere
2020-04-14 18:43:02 [main] INFO  by.epamtraining.shapes.action.SphereAction - part on the other side of plane = 1.0
2020-04-14 18:43:02 [main] INFO  by.epamtraining.shapes.action.SphereAction - radius of spherical cap = 1.0
2020-04-14 18:43:02 [main] INFO  by.epamtraining.shapes.action.SphereAction - volume of spherical cap = 2.0943951023931957
2020-04-14 18:43:02 [main] DEBUG by.epamtraining.shapes.action.SphereAction - parameter: Sphere: by.epamtraining.shapes.entity.SpherecenterPoint=by.epamtraining.shapes.entity.Point: coordinateX=0.0, coordinateY=0.0, coordinateZ=0.0, radius=1.0
2020-04-14 18:43:02 [main] DEBUG by.epamtraining.shapes.action.SphereAction - volume = 4.1887902047863905
2020-04-14 18:43:02 [main] INFO  by.epamtraining.shapes.action.SphereAction - volume of other part = 2.094395102393195
2020-04-14 18:43:02 [main] DEBUG by.epamtraining.shapes.action.SphereAction - ratio = 0.9999999999999996
2020-04-14 18:43:02 [main] DEBUG by.epamtraining.shapes.entity.Point - parameters: 1.0, 1.0, 1.0
2020-04-14 18:43:02 [main] INFO  by.epamtraining.shapes.entity.Point - Point with define coordinates was created
2020-04-14 18:43:02 [main] DEBUG by.epamtraining.shapes.entity.Point - parameters: 1.0, 1.0, 1.0
2020-04-14 18:43:02 [main] INFO  by.epamtraining.shapes.entity.Point - Point with define coordinates was created
2020-04-14 18:43:02 [main] INFO  by.epamtraining.shapes.entity.Sphere - center point was set, center point: by.epamtraining.shapes.entity.Point: coordinateX=1.0, coordinateY=1.0, coordinateZ=1.0
2020-04-14 18:43:02 [main] INFO  by.epamtraining.shapes.entity.Sphere - center point was set, center point: 1.0
2020-04-14 18:43:02 [main] DEBUG by.epamtraining.shapes.action.SphereAction - parameter: Sphere: by.epamtraining.shapes.entity.SpherecenterPoint=by.epamtraining.shapes.entity.Point: coordinateX=1.0, coordinateY=1.0, coordinateZ=1.0, radius=1.0
2020-04-14 18:43:02 [main] DEBUG by.epamtraining.shapes.action.SphereAction - Sphere touch YZ plane
2020-04-14 18:43:02 [main] DEBUG by.epamtraining.shapes.entity.Point - parameters: 1.0, 1.0, 1.0
2020-04-14 18:43:02 [main] INFO  by.epamtraining.shapes.entity.Point - Point with define coordinates was created
2020-04-14 18:43:02 [main] INFO  by.epamtraining.shapes.repository.SphereRepository - called method to change center point of sphere
2020-04-14 18:43:02 [main] DEBUG by.epamtraining.shapes.repository.SphereRepository - parameters: id = 2, center point = by.epamtraining.shapes.entity.Point: coordinateX=1.0, coordinateY=1.0, coordinateZ=1.0
2020-04-14 18:43:02 [main] INFO  epamtraining.shapes.repository.specification_impl.IdSpecification - IdSpecification created, id = 2
2020-04-14 18:43:02 [main] DEBUG by.epamtraining.shapes.repository.SphereRepository - parameter: Specification: by.epamtraining.shapes.repository.specification_impl.IdSpecification
2020-04-14 18:43:02 [main] INFO  by.epamtraining.shapes.repository.SphereRepository - inside for: Sphere: by.epamtraining.shapes.entity.SpherecenterPoint=by.epamtraining.shapes.entity.Point: coordinateX=-5.4, coordinateY=2.4, coordinateZ=5.3, radius=3.0
2020-04-14 18:43:02 [main] DEBUG epamtraining.shapes.repository.specification_impl.IdSpecification - parameter: Sphereby.epamtraining.shapes.entity.SpherecenterPoint=by.epamtraining.shapes.entity.Point: coordinateX=-5.4, coordinateY=2.4, coordinateZ=5.3, radius=3.0
2020-04-14 18:43:02 [main] DEBUG epamtraining.shapes.repository.specification_impl.IdSpecification - id == sphere.getId() : true
2020-04-14 18:43:02 [main] INFO  by.epamtraining.shapes.repository.SphereRepository - sphere added to result List
2020-04-14 18:43:02 [main] INFO  by.epamtraining.shapes.repository.SphereRepository - inside for: Sphere: by.epamtraining.shapes.entity.SpherecenterPoint=by.epamtraining.shapes.entity.Point: coordinateX=2.5, coordinateY=5.0, coordinateZ=1.3, radius=5.0
2020-04-14 18:43:02 [main] DEBUG epamtraining.shapes.repository.specification_impl.IdSpecification - parameter: Sphereby.epamtraining.shapes.entity.SpherecenterPoint=by.epamtraining.shapes.entity.Point: coordinateX=2.5, coordinateY=5.0, coordinateZ=1.3, radius=5.0
2020-04-14 18:43:02 [main] DEBUG epamtraining.shapes.repository.specification_impl.IdSpecification - id == sphere.getId() : false
2020-04-14 18:43:02 [main] INFO  by.epamtraining.shapes.repository.SphereRepository - inside for: Sphere: by.epamtraining.shapes.entity.SpherecenterPoint=by.epamtraining.shapes.entity.Point: coordinateX=-11.2, coordinateY=0.4, coordinateZ=9.2, radius=1.0
2020-04-14 18:43:02 [main] DEBUG epamtraining.shapes.repository.specification_impl.IdSpecification - parameter: Sphereby.epamtraining.shapes.entity.SpherecenterPoint=by.epamtraining.shapes.entity.Point: coordinateX=-11.2, coordinateY=0.4, coordinateZ=9.2, radius=1.0
2020-04-14 18:43:02 [main] DEBUG epamtraining.shapes.repository.specification_impl.IdSpecification - id == sphere.getId() : false
2020-04-14 18:43:02 [main] DEBUG by.epamtraining.shapes.repository.SphereRepository - result List of query(): [by.epamtraining.shapes.entity.SpherecenterPoint=by.epamtraining.shapes.entity.Point: coordinateX=-5.4, coordinateY=2.4, coordinateZ=5.3, radius=3.0]
2020-04-14 18:43:02 [main] DEBUG by.epamtraining.shapes.entity.Point - parameters: 1.0, 1.0, 1.0
2020-04-14 18:43:02 [main] INFO  by.epamtraining.shapes.entity.Point - Point with define coordinates was created
2020-04-14 18:43:02 [main] INFO  by.epamtraining.shapes.entity.Sphere - center point was set, center point: by.epamtraining.shapes.entity.Point: coordinateX=1.0, coordinateY=1.0, coordinateZ=1.0
2020-04-14 18:43:02 [main] DEBUG by.epamtraining.shapes.action.SphereAction - parameter: Sphere: by.epamtraining.shapes.entity.SpherecenterPoint=by.epamtraining.shapes.entity.Point: coordinateX=1.0, coordinateY=1.0, coordinateZ=1.0, radius=3.0
2020-04-14 18:43:02 [main] DEBUG by.epamtraining.shapes.action.SphereAction - square = 113.09733552923255
2020-04-14 18:43:02 [main] DEBUG by.epamtraining.shapes.action.SphereAction - parameter: Sphere: by.epamtraining.shapes.entity.SpherecenterPoint=by.epamtraining.shapes.entity.Point: coordinateX=1.0, coordinateY=1.0, coordinateZ=1.0, radius=3.0
2020-04-14 18:43:02 [main] DEBUG by.epamtraining.shapes.action.SphereAction - volume = 113.09733552923254
2020-04-14 18:43:02 [main] DEBUG by.epamtraining.shapes.action.SphereAction - parameter: Sphere: by.epamtraining.shapes.entity.SpherecenterPoint=by.epamtraining.shapes.entity.Point: coordinateX=1.0, coordinateY=1.0, coordinateZ=1.0, radius=3.0
2020-04-14 18:43:02 [main] DEBUG by.epamtraining.shapes.action.SphereAction - Sphere doesn't touch any plane
2020-04-14 18:43:02 [main] DEBUG by.epamtraining.shapes.action.SphereAction - parameter: Sphere: by.epamtraining.shapes.entity.SpherecenterPoint=by.epamtraining.shapes.entity.Point: coordinateX=1.0, coordinateY=1.0, coordinateZ=1.0, radius=3.0
2020-04-14 18:43:02 [main] DEBUG by.epamtraining.shapes.action.SphereAction - point: by.epamtraining.shapes.entity.Point: coordinateX=1.0, coordinateY=1.0, coordinateZ=1.0
2020-04-14 18:43:02 [main] INFO  by.epamtraining.shapes.action.SphereAction - minDistance == xCoordinate : 1.0
2020-04-14 18:43:02 [main] DEBUG by.epamtraining.shapes.action.SphereAction - result: minDistance = 1.0
2020-04-14 18:43:02 [main] INFO  by.epamtraining.shapes.action.SphereAction - distance to plane less radius of Sphere
2020-04-14 18:43:02 [main] INFO  by.epamtraining.shapes.action.SphereAction - part on the other side of plane = 2.0
2020-04-14 18:43:02 [main] INFO  by.epamtraining.shapes.action.SphereAction - radius of spherical cap = 2.8284271247461903
2020-04-14 18:43:02 [main] INFO  by.epamtraining.shapes.action.SphereAction - volume of spherical cap = 27.16548309569415
2020-04-14 18:43:02 [main] DEBUG by.epamtraining.shapes.action.SphereAction - parameter: Sphere: by.epamtraining.shapes.entity.SpherecenterPoint=by.epamtraining.shapes.entity.Point: coordinateX=1.0, coordinateY=1.0, coordinateZ=1.0, radius=3.0
2020-04-14 18:43:02 [main] DEBUG by.epamtraining.shapes.action.SphereAction - volume = 113.09733552923254
2020-04-14 18:43:02 [main] INFO  by.epamtraining.shapes.action.SphereAction - volume of other part = 85.93185243353838
2020-04-14 18:43:02 [main] DEBUG by.epamtraining.shapes.action.SphereAction - ratio = 3.163273486830019
2020-04-14 18:43:02 [main] INFO  by.epamtraining.shapes.repository.SphereRepository - Center point was changed successfully, new center point = by.epamtraining.shapes.entity.Point: coordinateX=1.0, coordinateY=1.0, coordinateZ=1.0
2020-04-14 18:43:02 [main] DEBUG by.epamtraining.shapes.entity.Point - parameters: 2.0, 2.0, 2.0
2020-04-14 18:43:02 [main] INFO  by.epamtraining.shapes.entity.Point - Point with define coordinates was created
2020-04-14 18:43:02 [main] INFO  by.epamtraining.shapes.repository.SphereRepository - called method to change center point of sphere
2020-04-14 18:43:02 [main] DEBUG by.epamtraining.shapes.repository.SphereRepository - parameters: id = 2, center point = by.epamtraining.shapes.entity.Point: coordinateX=2.0, coordinateY=2.0, coordinateZ=2.0
2020-04-14 18:43:02 [main] INFO  epamtraining.shapes.repository.specification_impl.IdSpecification - IdSpecification created, id = 2
2020-04-14 18:43:02 [main] DEBUG by.epamtraining.shapes.repository.SphereRepository - parameter: Specification: by.epamtraining.shapes.repository.specification_impl.IdSpecification
2020-04-14 18:43:02 [main] INFO  by.epamtraining.shapes.repository.SphereRepository - inside for: Sphere: by.epamtraining.shapes.entity.SpherecenterPoint=by.epamtraining.shapes.entity.Point: coordinateX=1.0, coordinateY=1.0, coordinateZ=1.0, radius=3.0
2020-04-14 18:43:02 [main] DEBUG epamtraining.shapes.repository.specification_impl.IdSpecification - parameter: Sphereby.epamtraining.shapes.entity.SpherecenterPoint=by.epamtraining.shapes.entity.Point: coordinateX=1.0, coordinateY=1.0, coordinateZ=1.0, radius=3.0
2020-04-14 18:43:02 [main] DEBUG epamtraining.shapes.repository.specification_impl.IdSpecification - id == sphere.getId() : true
2020-04-14 18:43:02 [main] INFO  by.epamtraining.shapes.repository.SphereRepository - sphere added to result List
2020-04-14 18:43:02 [main] INFO  by.epamtraining.shapes.repository.SphereRepository - inside for: Sphere: by.epamtraining.shapes.entity.SpherecenterPoint=by.epamtraining.shapes.entity.Point: coordinateX=2.5, coordinateY=5.0, coordinateZ=1.3, radius=5.0
2020-04-14 18:43:02 [main] DEBUG epamtraining.shapes.repository.specification_impl.IdSpecification - parameter: Sphereby.epamtraining.shapes.entity.SpherecenterPoint=by.epamtraining.shapes.entity.Point: coordinateX=2.5, coordinateY=5.0, coordinateZ=1.3, radius=5.0
2020-04-14 18:43:02 [main] DEBUG epamtraining.shapes.repository.specification_impl.IdSpecification - id == sphere.getId() : false
2020-04-14 18:43:02 [main] INFO  by.epamtraining.shapes.repository.SphereRepository - inside for: Sphere: by.epamtraining.shapes.entity.SpherecenterPoint=by.epamtraining.shapes.entity.Point: coordinateX=-11.2, coordinateY=0.4, coordinateZ=9.2, radius=1.0
2020-04-14 18:43:02 [main] DEBUG epamtraining.shapes.repository.specification_impl.IdSpecification - parameter: Sphereby.epamtraining.shapes.entity.SpherecenterPoint=by.epamtraining.shapes.entity.Point: coordinateX=-11.2, coordinateY=0.4, coordinateZ=9.2, radius=1.0
2020-04-14 18:43:02 [main] DEBUG epamtraining.shapes.repository.specification_impl.IdSpecification - id == sphere.getId() : false
2020-04-14 18:43:02 [main] DEBUG by.epamtraining.shapes.repository.SphereRepository - result List of query(): [by.epamtraining.shapes.entity.SpherecenterPoint=by.epamtraining.shapes.entity.Point: coordinateX=1.0, coordinateY=1.0, coordinateZ=1.0, radius=3.0]
2020-04-14 18:43:02 [main] DEBUG by.epamtraining.shapes.entity.Point - parameters: 2.0, 2.0, 2.0
2020-04-14 18:43:02 [main] INFO  by.epamtraining.shapes.entity.Point - Point with define coordinates was created
2020-04-14 18:43:02 [main] INFO  by.epamtraining.shapes.entity.Sphere - center point was set, center point: by.epamtraining.shapes.entity.Point: coordinateX=2.0, coordinateY=2.0, coordinateZ=2.0
2020-04-14 18:43:02 [main] DEBUG by.epamtraining.shapes.action.SphereAction - parameter: Sphere: by.epamtraining.shapes.entity.SpherecenterPoint=by.epamtraining.shapes.entity.Point: coordinateX=2.0, coordinateY=2.0, coordinateZ=2.0, radius=3.0
2020-04-14 18:43:02 [main] DEBUG by.epamtraining.shapes.action.SphereAction - square = 113.09733552923255
2020-04-14 18:43:02 [main] DEBUG by.epamtraining.shapes.action.SphereAction - parameter: Sphere: by.epamtraining.shapes.entity.SpherecenterPoint=by.epamtraining.shapes.entity.Point: coordinateX=2.0, coordinateY=2.0, coordinateZ=2.0, radius=3.0
2020-04-14 18:43:02 [main] DEBUG by.epamtraining.shapes.action.SphereAction - volume = 113.09733552923254
2020-04-14 18:43:02 [main] DEBUG by.epamtraining.shapes.action.SphereAction - parameter: Sphere: by.epamtraining.shapes.entity.SpherecenterPoint=by.epamtraining.shapes.entity.Point: coordinateX=2.0, coordinateY=2.0, coordinateZ=2.0, radius=3.0
2020-04-14 18:43:02 [main] DEBUG by.epamtraining.shapes.action.SphereAction - Sphere doesn't touch any plane
2020-04-14 18:43:02 [main] DEBUG by.epamtraining.shapes.action.SphereAction - parameter: Sphere: by.epamtraining.shapes.entity.SpherecenterPoint=by.epamtraining.shapes.entity.Point: coordinateX=2.0, coordinateY=2.0, coordinateZ=2.0, radius=3.0
2020-04-14 18:43:02 [main] DEBUG by.epamtraining.shapes.action.SphereAction - point: by.epamtraining.shapes.entity.Point: coordinateX=2.0, coordinateY=2.0, coordinateZ=2.0
2020-04-14 18:43:02 [main] INFO  by.epamtraining.shapes.action.SphereAction - minDistance == xCoordinate : 2.0
2020-04-14 18:43:02 [main] DEBUG by.epamtraining.shapes.action.SphereAction - result: minDistance = 2.0
2020-04-14 18:43:02 [main] INFO  by.epamtraining.shapes.action.SphereAction - distance to plane less radius of Sphere
2020-04-14 18:43:02 [main] INFO  by.epamtraining.shapes.action.SphereAction - part on the other side of plane = 1.0
2020-04-14 18:43:02 [main] INFO  by.epamtraining.shapes.action.SphereAction - radius of spherical cap = 2.23606797749979
2020-04-14 18:43:02 [main] INFO  by.epamtraining.shapes.action.SphereAction - volume of spherical cap = 5.977617179844129
2020-04-14 18:43:02 [main] DEBUG by.epamtraining.shapes.action.SphereAction - parameter: Sphere: by.epamtraining.shapes.entity.SpherecenterPoint=by.epamtraining.shapes.entity.Point: coordinateX=2.0, coordinateY=2.0, coordinateZ=2.0, radius=3.0
2020-04-14 18:43:02 [main] DEBUG by.epamtraining.shapes.action.SphereAction - volume = 113.09733552923254
2020-04-14 18:43:02 [main] INFO  by.epamtraining.shapes.action.SphereAction - volume of other part = 107.1197183493884
2020-04-14 18:43:02 [main] DEBUG by.epamtraining.shapes.action.SphereAction - ratio = 17.92013692522572
2020-04-14 18:43:02 [main] INFO  by.epamtraining.shapes.repository.SphereRepository - Center point was changed successfully, new center point = by.epamtraining.shapes.entity.Point: coordinateX=2.0, coordinateY=2.0, coordinateZ=2.0
2020-04-14 18:43:02 [main] INFO  by.epamtraining.shapes.repository.SphereRepository - called method to change radius of sphere
2020-04-14 18:43:02 [main] DEBUG by.epamtraining.shapes.repository.SphereRepository - parameters: id = 1, radius = 1.0
2020-04-14 18:43:02 [main] INFO  epamtraining.shapes.repository.specification_impl.IdSpecification - IdSpecification created, id = 1
2020-04-14 18:43:02 [main] DEBUG by.epamtraining.shapes.repository.SphereRepository - parameter: Specification: by.epamtraining.shapes.repository.specification_impl.IdSpecification
2020-04-14 18:43:02 [main] INFO  by.epamtraining.shapes.repository.SphereRepository - inside for: Sphere: by.epamtraining.shapes.entity.SpherecenterPoint=by.epamtraining.shapes.entity.Point: coordinateX=2.0, coordinateY=2.0, coordinateZ=2.0, radius=3.0
2020-04-14 18:43:02 [main] DEBUG epamtraining.shapes.repository.specification_impl.IdSpecification - parameter: Sphereby.epamtraining.shapes.entity.SpherecenterPoint=by.epamtraining.shapes.entity.Point: coordinateX=2.0, coordinateY=2.0, coordinateZ=2.0, radius=3.0
2020-04-14 18:43:02 [main] DEBUG epamtraining.shapes.repository.specification_impl.IdSpecification - id == sphere.getId() : false
2020-04-14 18:43:02 [main] INFO  by.epamtraining.shapes.repository.SphereRepository - inside for: Sphere: by.epamtraining.shapes.entity.SpherecenterPoint=by.epamtraining.shapes.entity.Point: coordinateX=2.5, coordinateY=5.0, coordinateZ=1.3, radius=5.0
2020-04-14 18:43:02 [main] DEBUG epamtraining.shapes.repository.specification_impl.IdSpecification - parameter: Sphereby.epamtraining.shapes.entity.SpherecenterPoint=by.epamtraining.shapes.entity.Point: coordinateX=2.5, coordinateY=5.0, coordinateZ=1.3, radius=5.0
2020-04-14 18:43:02 [main] DEBUG epamtraining.shapes.repository.specification_impl.IdSpecification - id == sphere.getId() : true
2020-04-14 18:43:02 [main] INFO  by.epamtraining.shapes.repository.SphereRepository - sphere added to result List
2020-04-14 18:43:02 [main] INFO  by.epamtraining.shapes.repository.SphereRepository - inside for: Sphere: by.epamtraining.shapes.entity.SpherecenterPoint=by.epamtraining.shapes.entity.Point: coordinateX=-11.2, coordinateY=0.4, coordinateZ=9.2, radius=1.0
2020-04-14 18:43:02 [main] DEBUG epamtraining.shapes.repository.specification_impl.IdSpecification - parameter: Sphereby.epamtraining.shapes.entity.SpherecenterPoint=by.epamtraining.shapes.entity.Point: coordinateX=-11.2, coordinateY=0.4, coordinateZ=9.2, radius=1.0
2020-04-14 18:43:02 [main] DEBUG epamtraining.shapes.repository.specification_impl.IdSpecification - id == sphere.getId() : false
2020-04-14 18:43:02 [main] DEBUG by.epamtraining.shapes.repository.SphereRepository - result List of query(): [by.epamtraining.shapes.entity.SpherecenterPoint=by.epamtraining.shapes.entity.Point: coordinateX=2.5, coordinateY=5.0, coordinateZ=1.3, radius=5.0]
2020-04-14 18:43:02 [main] INFO  by.epamtraining.shapes.entity.Sphere - center point was set, center point: 1.0
2020-04-14 18:43:02 [main] DEBUG by.epamtraining.shapes.action.SphereAction - parameter: Sphere: by.epamtraining.shapes.entity.SpherecenterPoint=by.epamtraining.shapes.entity.Point: coordinateX=2.5, coordinateY=5.0, coordinateZ=1.3, radius=1.0
2020-04-14 18:43:02 [main] DEBUG by.epamtraining.shapes.action.SphereAction - square = 12.566370614359172
2020-04-14 18:43:02 [main] DEBUG by.epamtraining.shapes.action.SphereAction - parameter: Sphere: by.epamtraining.shapes.entity.SpherecenterPoint=by.epamtraining.shapes.entity.Point: coordinateX=2.5, coordinateY=5.0, coordinateZ=1.3, radius=1.0
2020-04-14 18:43:02 [main] DEBUG by.epamtraining.shapes.action.SphereAction - volume = 4.1887902047863905
2020-04-14 18:43:02 [main] DEBUG by.epamtraining.shapes.action.SphereAction - parameter: Sphere: by.epamtraining.shapes.entity.SpherecenterPoint=by.epamtraining.shapes.entity.Point: coordinateX=2.5, coordinateY=5.0, coordinateZ=1.3, radius=1.0
2020-04-14 18:43:02 [main] DEBUG by.epamtraining.shapes.action.SphereAction - Sphere doesn't touch any plane
2020-04-14 18:43:02 [main] DEBUG by.epamtraining.shapes.action.SphereAction - parameter: Sphere: by.epamtraining.shapes.entity.SpherecenterPoint=by.epamtraining.shapes.entity.Point: coordinateX=2.5, coordinateY=5.0, coordinateZ=1.3, radius=1.0
2020-04-14 18:43:02 [main] DEBUG by.epamtraining.shapes.action.SphereAction - point: by.epamtraining.shapes.entity.Point: coordinateX=2.5, coordinateY=5.0, coordinateZ=1.3
2020-04-14 18:43:02 [main] INFO  by.epamtraining.shapes.action.SphereAction - minDistance == xCoordinate : 2.5
2020-04-14 18:43:02 [main] INFO  by.epamtraining.shapes.action.SphereAction - new minDistance == zCoordinate : 1.3
2020-04-14 18:43:02 [main] DEBUG by.epamtraining.shapes.action.SphereAction - result: minDistance = 1.3
2020-04-14 18:43:02 [main] INFO  by.epamtraining.shapes.action.SphereAction - Sphere doesn't cross any plane
2020-04-14 18:43:02 [main] DEBUG by.epamtraining.shapes.action.SphereAction - ratio = 0.0
2020-04-14 18:43:02 [main] INFO  by.epamtraining.shapes.repository.SphereRepository - Radius was changed successfully, new radius = 1.0
2020-04-14 18:43:02 [main] INFO  by.epamtraining.shapes.repository.SphereRepository - called method to change radius of sphere
2020-04-14 18:43:02 [main] DEBUG by.epamtraining.shapes.repository.SphereRepository - parameters: id = 1, radius = 10.0
2020-04-14 18:43:02 [main] INFO  epamtraining.shapes.repository.specification_impl.IdSpecification - IdSpecification created, id = 1
2020-04-14 18:43:02 [main] DEBUG by.epamtraining.shapes.repository.SphereRepository - parameter: Specification: by.epamtraining.shapes.repository.specification_impl.IdSpecification
2020-04-14 18:43:02 [main] INFO  by.epamtraining.shapes.repository.SphereRepository - inside for: Sphere: by.epamtraining.shapes.entity.SpherecenterPoint=by.epamtraining.shapes.entity.Point: coordinateX=2.0, coordinateY=2.0, coordinateZ=2.0, radius=3.0
2020-04-14 18:43:02 [main] DEBUG epamtraining.shapes.repository.specification_impl.IdSpecification - parameter: Sphereby.epamtraining.shapes.entity.SpherecenterPoint=by.epamtraining.shapes.entity.Point: coordinateX=2.0, coordinateY=2.0, coordinateZ=2.0, radius=3.0
2020-04-14 18:43:02 [main] DEBUG epamtraining.shapes.repository.specification_impl.IdSpecification - id == sphere.getId() : false
2020-04-14 18:43:02 [main] INFO  by.epamtraining.shapes.repository.SphereRepository - inside for: Sphere: by.epamtraining.shapes.entity.SpherecenterPoint=by.epamtraining.shapes.entity.Point: coordinateX=2.5, coordinateY=5.0, coordinateZ=1.3, radius=1.0
2020-04-14 18:43:02 [main] DEBUG epamtraining.shapes.repository.specification_impl.IdSpecification - parameter: Sphereby.epamtraining.shapes.entity.SpherecenterPoint=by.epamtraining.shapes.entity.Point: coordinateX=2.5, coordinateY=5.0, coordinateZ=1.3, radius=1.0
2020-04-14 18:43:02 [main] DEBUG epamtraining.shapes.repository.specification_impl.IdSpecification - id == sphere.getId() : true
2020-04-14 18:43:02 [main] INFO  by.epamtraining.shapes.repository.SphereRepository - sphere added to result List
2020-04-14 18:43:02 [main] INFO  by.epamtraining.shapes.repository.SphereRepository - inside for: Sphere: by.epamtraining.shapes.entity.SpherecenterPoint=by.epamtraining.shapes.entity.Point: coordinateX=-11.2, coordinateY=0.4, coordinateZ=9.2, radius=1.0
2020-04-14 18:43:02 [main] DEBUG epamtraining.shapes.repository.specification_impl.IdSpecification - parameter: Sphereby.epamtraining.shapes.entity.SpherecenterPoint=by.epamtraining.shapes.entity.Point: coordinateX=-11.2, coordinateY=0.4, coordinateZ=9.2, radius=1.0
2020-04-14 18:43:02 [main] DEBUG epamtraining.shapes.repository.specification_impl.IdSpecification - id == sphere.getId() : false
2020-04-14 18:43:02 [main] DEBUG by.epamtraining.shapes.repository.SphereRepository - result List of query(): [by.epamtraining.shapes.entity.SpherecenterPoint=by.epamtraining.shapes.entity.Point: coordinateX=2.5, coordinateY=5.0, coordinateZ=1.3, radius=1.0]
2020-04-14 18:43:02 [main] INFO  by.epamtraining.shapes.entity.Sphere - center point was set, center point: 10.0
2020-04-14 18:43:02 [main] DEBUG by.epamtraining.shapes.action.SphereAction - parameter: Sphere: by.epamtraining.shapes.entity.SpherecenterPoint=by.epamtraining.shapes.entity.Point: coordinateX=2.5, coordinateY=5.0, coordinateZ=1.3, radius=10.0
2020-04-14 18:43:02 [main] DEBUG by.epamtraining.shapes.action.SphereAction - square = 1256.6370614359173
2020-04-14 18:43:02 [main] DEBUG by.epamtraining.shapes.action.SphereAction - parameter: Sphere: by.epamtraining.shapes.entity.SpherecenterPoint=by.epamtraining.shapes.entity.Point: coordinateX=2.5, coordinateY=5.0, coordinateZ=1.3, radius=10.0
2020-04-14 18:43:02 [main] DEBUG by.epamtraining.shapes.action.SphereAction - volume = 4188.790204786391
2020-04-14 18:43:02 [main] DEBUG by.epamtraining.shapes.action.SphereAction - parameter: Sphere: by.epamtraining.shapes.entity.SpherecenterPoint=by.epamtraining.shapes.entity.Point: coordinateX=2.5, coordinateY=5.0, coordinateZ=1.3, radius=10.0
2020-04-14 18:43:02 [main] DEBUG by.epamtraining.shapes.action.SphereAction - Sphere doesn't touch any plane
2020-04-14 18:43:02 [main] DEBUG by.epamtraining.shapes.action.SphereAction - parameter: Sphere: by.epamtraining.shapes.entity.SpherecenterPoint=by.epamtraining.shapes.entity.Point: coordinateX=2.5, coordinateY=5.0, coordinateZ=1.3, radius=10.0
2020-04-14 18:43:02 [main] DEBUG by.epamtraining.shapes.action.SphereAction - point: by.epamtraining.shapes.entity.Point: coordinateX=2.5, coordinateY=5.0, coordinateZ=1.3
2020-04-14 18:43:02 [main] INFO  by.epamtraining.shapes.action.SphereAction - minDistance == xCoordinate : 2.5
2020-04-14 18:43:02 [main] INFO  by.epamtraining.shapes.action.SphereAction - new minDistance == zCoordinate : 1.3
2020-04-14 18:43:02 [main] DEBUG by.epamtraining.shapes.action.SphereAction - result: minDistance = 1.3
2020-04-14 18:43:02 [main] INFO  by.epamtraining.shapes.action.SphereAction - distance to plane less radius of Sphere
2020-04-14 18:43:02 [main] INFO  by.epamtraining.shapes.action.SphereAction - part on the other side of plane = 8.7
2020-04-14 18:43:02 [main] INFO  by.epamtraining.shapes.action.SphereAction - radius of spherical cap = 9.915139938498095
2020-04-14 18:43:02 [main] INFO  by.epamtraining.shapes.action.SphereAction - volume of spherical cap = 1668.1101184470836
2020-04-14 18:43:02 [main] DEBUG by.epamtraining.shapes.action.SphereAction - parameter: Sphere: by.epamtraining.shapes.entity.SpherecenterPoint=by.epamtraining.shapes.entity.Point: coordinateX=2.5, coordinateY=5.0, coordinateZ=1.3, radius=10.0
2020-04-14 18:43:02 [main] DEBUG by.epamtraining.shapes.action.SphereAction - volume = 4188.790204786391
2020-04-14 18:43:02 [main] INFO  by.epamtraining.shapes.action.SphereAction - volume of other part = 2520.6800863393073
2020-04-14 18:43:02 [main] DEBUG by.epamtraining.shapes.action.SphereAction - ratio = 1.5110993323905488
2020-04-14 18:43:02 [main] INFO  by.epamtraining.shapes.repository.SphereRepository - Radius was changed successfully, new radius = 10.0
